











 
 - 


 

 

  
   









 

/






 






 

-
-



 


   

     
 




   

   






-
/
 

-
 - 

 






 - 
-

 - 
-

 



 








 

 










 









 
 -



 
 
 
 





  
     

  


 

      
           
   
 



 
-
       
 
  
 
 
  - 
    



-


 
-
 
 










 
     
 
 







 


 
 
 
 
 
 
 
 
  
 
  
 
 
   
 
   
 
 
 
 
 /
 
 / 
 
 
 
 
 
  
 
  
 
   . 45
 
  
 
  
 
   ;
 
 
 
 
 
 
 /
 
  
    
    
 
 
   
 
   
  
  
 
  
 
 
 
  
  






  -
 
 
 



-

 

  
 

 





-  




 

      



   











     
 




  
  
-
-


 
  - I 
  - II 
  - III 
  - IV 
  

 
    
   - 
   
     
   /  
  / 
     . 60    
  
  
  











 
-
 
 
 
 
 





 




  
 
 
   . 45
  
 
  
 
  







  
  
   
  




















 
 




     



 

 



 







  
 
  
 
  
 
    
      
    
 
  
 







   
  
  
  
 
 /
 -  
 -  
 - 
- 
- 
- 
- 
-
-
-   
-  
-  / 
-  
- 
-
-
--
-
- 
-
-
-   
-  
-  
-
-
-



 
 


    
 




 
 

 





        

 






  
 





       
   
 
 

  
  





 








 

 
 
  
 
     
 
-  
-


   
  
  
  
   
  
       
 





/  /  


 








 

/





  











 









 


- 




-  








   










/


 


    





  
 



 
 
 
 
 
 
 
  
 
 
 
 
 













 
 








 
 

   
 -  
 -    



  





   
  
 -  
 -  
 - 
 - 

  


 
 

 
 








 


 
-
-
-
-










 



 
 
  -  

  
  
      
     
  
  
-

 
 
 

   
 
   




  



   
.   







 
 
 


-


 
 
 
 


 
 
 
  
 
 
 
 
  
   . 45
 
  
  
 
 
 
 
   
  
 


-









-     


-
-
-    
 
 
 
 
 
 











-


 


-

-
/
 
 

  
 
 
  
  
   
   
 
     
 
   
  
 
 
  
 
   
 
 


-






 




 

 
 
 








-

 




 

  
   
 
         
        
         
    
    
   
 
    
 - 
 e
/





   
 
  /
  
  
 
 
  
    



 

  
 

 
  
 
  
  
  


  

-










 
  





    

 

 

  / 







  








/



 /
 



   







 


 
  - 



  
  
 - 
 - 
-
-   
-
-
-
-
-   
-
-
-
-
-
-
-
-
-
-  
- 




   


 
   

  
 
 
 


 - 
-



  

    
     
   
   
     
  
  
       
 


   




 







     
-


-/-



 
 



  
 
 


 - 



 






 
 

-





 
    
 
   
   
   
    


  
   
    
    
 
-
-
-
           
           



        
        







  






 
 




 
  
  
 


    
-


  
 

  
   
-


 


 
 
 


   






 

-

   

  
 
 
     
     
 
 
 
   
 
    
  
  
 
  
     . 23
  
      
        
     
    / 
  
 
  / 
  
 
 /
  
    
 
 
 /
 / 
 
   
    
 
 
 
 
   
 
  
/
/ 
 




 

 
 
 



   
  
    . 21    
 

-
 




-

-


 
 
 
 
 

-








    

  





-



-
-

 
 


  -
  

 
 

  
 
     
 


 - 
-
-
- 
-
-
-
-
-


 
  

 
 
  
 
  
  
  
   - I 
   - II 
 
 
 
  
  
  
 
  
 
   . 45
    
 
 
  
  
 -
 
  
 
  
 
 
 
 
  
 
 
   
  
  
 

 









 





/





 
 




   
 

  



-


  /   







  
-
 
 










-
- 
-
//    
 
  
  
 
 
 
 
  

 
   
   
-
 

















 
 -
 
    

 



 
 
 
 
 
 
 

  
 
 

    
   
 


     
 
    

  
-



 - 

 -  
 -    












 
 
 
 



 

















-















/ 



 - 
 - 





 



 


 
 
  

-
-





 
  

 


 

   













-
-


-




